01-Jul-2022 12:19:00 INFO - Bootstrapping Spring Data JPA repositories in DEFAULT mode.
01-Jul-2022 12:19:00 INFO - Finished Spring Data repository scanning in 147 ms. Found 2 JPA repository interfaces.
01-Jul-2022 12:19:01 INFO - Tomcat initialized with port(s): 9090 (http)
01-Jul-2022 12:19:01 INFO - Initializing ProtocolHandler ["http-nio-9090"]
01-Jul-2022 12:19:01 INFO - Starting service [Tomcat]
01-Jul-2022 12:19:01 INFO - Starting Servlet engine: [Apache Tomcat/9.0.64]
01-Jul-2022 12:19:01 INFO - Initializing Spring embedded WebApplicationContext
01-Jul-2022 12:19:01 INFO - Root WebApplicationContext: initialization completed in 2277 ms
01-Jul-2022 12:19:01 INFO - HHH000204: Processing PersistenceUnitInfo [name: default]
01-Jul-2022 12:19:01 INFO - HHH000412: Hibernate ORM core version 5.6.9.Final
01-Jul-2022 12:19:02 INFO - HCANN000001: Hibernate Commons Annotations {5.1.2.Final}
01-Jul-2022 12:19:02 INFO - HHH000400: Using dialect: org.hibernate.dialect.PostgreSQL10Dialect
01-Jul-2022 12:19:03 INFO - HHH000490: Using JtaPlatform implementation: [org.hibernate.engine.transaction.jta.platform.internal.NoJtaPlatform]
01-Jul-2022 12:19:03 INFO - Initialized JPA EntityManagerFactory for persistence unit 'default'
01-Jul-2022 12:19:04 WARN - spring.jpa.open-in-view is enabled by default. Therefore, database queries may be performed during view rendering. Explicitly configure spring.jpa.open-in-view to disable this warning
01-Jul-2022 12:19:04 INFO - Starting ProtocolHandler ["http-nio-9090"]
01-Jul-2022 12:19:04 INFO - Tomcat started on port(s): 9090 (http) with context path ''
01-Jul-2022 16:04:50 INFO - Initializing Spring DispatcherServlet 'dispatcherServlet'
01-Jul-2022 16:04:50 INFO - Initializing Servlet 'dispatcherServlet'
01-Jul-2022 16:04:50 INFO - Completed initialization in 1 ms
01-Jul-2022 19:00:09 INFO - Application shutdown requested.
01-Jul-2022 19:00:09 INFO - Closing JPA EntityManagerFactory for persistence unit 'default'
